1612958807051	mozrunner::runner	INFO	Running command: "C:\\Program Files (x86)\\Mozilla Firefox\\firefox.exe" "-marionette" "-foreground" "-no-remote" "-profile" "C:\\Users\\root\\AppData\\Local\\Temp\\rust_mozprofileXF9iGq"
[GFX1]: Potential driver version mismatch ignored due to missing DLLs igd10umd32 v= and igd10iumd32 v=
[GFX1]: Potential driver version mismatch ignored due to missing DLLs igd10umd32 v= and igd10iumd32 v=
[GFX1]: Potential driver version mismatch ignored due to missing DLLs igd10umd32 v= and igd10iumd32 v=
JavaScript error: resource://gre/modules/XULStore.jsm, line 66: Error: Can't find profile directory.
[GFX1]: Potential driver version mismatch ignored due to missing DLLs igd10umd32 v= and igd10iumd32 v=
console.warn: SearchSettings: "get: No settings file exists, new profile?" (new Error("", "(unknown module)"))
console.error: Region.jsm: "Error fetching region" (new AbortError("The operation was aborted. ", (void 0), 773))
console.error: Region.jsm: "Failed to fetch region" (new Error("NO_RESULT", "resource://gre/modules/Region.jsm", 422))
[GFX1]: Potential driver version mismatch ignored due to missing DLLs igd10umd32 v= and igd10iumd32 v=
1612958840580	Marionette	INFO	Listening on port 55460
1612958841436	Marionette	WARN	TLS certificate errors will be ignored for this session
1612958842205	Marionette	ERROR	[18] No reply from Marionette:Register
1612958872936	Marionette	INFO	Stopped listening on port 55460
[Parent 8264, IPC I/O Parent] WARNING: file /builds/worker/checkouts/gecko/ipc/chromium/src/base/process_util_win.cc:167

###!!! [Child][RunMessage] Error: Channel closing: too late to send/recv, messages will be lost

1612958895900	mozrunner::runner	INFO	Running command: "C:\\Program Files (x86)\\Mozilla Firefox\\firefox.exe" "-marionette" "-foreground" "-no-remote" "-profile" "C:\\Users\\root\\AppData\\Local\\Temp\\rust_mozprofileZvG17i"
[GFX1]: Potential driver version mismatch ignored due to missing DLLs igd10umd32 v= and igd10iumd32 v=
[GFX1]: Potential driver version mismatch ignored due to missing DLLs igd10umd32 v= and igd10iumd32 v=
[GFX1]: Potential driver version mismatch ignored due to missing DLLs igd10umd32 v= and igd10iumd32 v=
JavaScript error: resource://gre/modules/XULStore.jsm, line 66: Error: Can't find profile directory.
[GFX1]: Potential driver version mismatch ignored due to missing DLLs igd10umd32 v= and igd10iumd32 v=
console.warn: SearchSettings: "get: No settings file exists, new profile?" (new Error("", "(unknown module)"))
[Parent 12144, IPC I/O Parent] WARNING: file /builds/worker/checkouts/gecko/ipc/chromium/src/base/process_util_win.cc:167
[GFX1]: Potential driver version mismatch ignored due to missing DLLs igd10umd32 v= and igd10iumd32 v=
console.warn: SearchSettings: "get: No settings file exists, new profile?" (new Error("", "(unknown module)"))
1612958916099	Marionette	INFO	Listening on port 55643
1612958916425	Marionette	WARN	TLS certificate errors will be ignored for this session
1612958916570	Marionette	ERROR	[18] No reply from Marionette:Register
[Parent 12144, IPC I/O Parent] WARNING: file /builds/worker/checkouts/gecko/ipc/chromium/src/base/process_util_win.cc:167
[Parent 12144, IPC I/O Parent] WARNING: file /builds/worker/checkouts/gecko/ipc/chromium/src/base/process_util_win.cc:167
1612958976987	Marionette	INFO	Stopped listening on port 55643

###!!! [Child][RunMessage] Error: Channel closing: too late to send/recv, messages will be lost

1612959054612	mozrunner::runner	INFO	Running command: "C:\\Program Files (x86)\\Mozilla Firefox\\firefox.exe" "-marionette" "-foreground" "-no-remote" "-profile" "C:\\Users\\root\\AppData\\Local\\Temp\\rust_mozprofileWfU55q"
[GFX1]: Potential driver version mismatch ignored due to missing DLLs igd10umd32 v= and igd10iumd32 v=
[GFX1]: Potential driver version mismatch ignored due to missing DLLs igd10umd32 v= and igd10iumd32 v=
[GFX1]: Potential driver version mismatch ignored due to missing DLLs igd10umd32 v= and igd10iumd32 v=
[GFX1]: Potential driver version mismatch ignored due to missing DLLs igd10umd32 v= and igd10iumd32 v=
JavaScript error: resource://gre/modules/XULStore.jsm, line 66: Error: Can't find profile directory.
console.warn: SearchSettings: "get: No settings file exists, new profile?" (new Error("", "(unknown module)"))
console.error: Region.jsm: "Error fetching region" (new Error("TIMEOUT", "resource://gre/modules/Region.jsm", 775))
console.error: Region.jsm: "Failed to fetch region" (new Error("TIMEOUT", "resource://gre/modules/Region.jsm", 422))
[Parent 10268, IPC I/O Parent] WARNING: file /builds/worker/checkouts/gecko/ipc/chromium/src/base/process_util_win.cc:167
[GFX1]: Potential driver version mismatch ignored due to missing DLLs igd10umd32 v= and igd10iumd32 v=
[GFX1]: Potential driver version mismatch ignored due to missing DLLs igd10umd32 v= and igd10iumd32 v=
1612959094934	Marionette	INFO	Listening on port 55942
1612959095449	Marionette	WARN	TLS certificate errors will be ignored for this session
1612959095659	Marionette	ERROR	[18] No reply from Marionette:Register
JavaScript error: https://vk.com/login, line 373: TypeError: CredentialsContainer.get: Missing required 'challenge' member of PublicKeyCredentialRequestOptions.

###!!! [Parent][RunMessage] Error: Channel closing: too late to send/recv, messages will be lost

1612959535038	Marionette	INFO	Stopped listening on port 55942

###!!! [Child][RunMessage] Error: Channel closing: too late to send/recv, messages will be lost

